1707845821537:save countries
1707845855025:stacktrace
1707845903236:update countries
1707845907531:save countries
1707846260164:get countries
1707846276825:save countries
1707847160973:save venues
1707847938316:save leagues
1707847980030:save countries
1707847983958:save leagues
1707853268316:save teams
1707853297684:get team
1707900538213:save players
1707900955602:save country
1707900960565:save countries
1707900963146:save venues
1707900966070:save leagues
1707900968450:save teams
1707900971190:save players
1707905114471:save fixtures
1707905142449:save players
1707905186570:save fixtures
1707905396158:stacktrace
1707905456452:save fixtures
1707905916184:update
1707906633983:stacktrace
1707906695429:update
1707906782636:stacktrace
1707906810039:update
1707910170806:get player
1707910280237:show player
1707910543191:update
1707910633254:get fixture
1707910669969:get player
1707910675387:show player
1707910726729:update
1707910735375:get fixture
1707910749067:show player
1707910919382:get fixture
1707911003864:update
1707911012807:get fixture
1707911020116:show player
1707917807753:get statistics
1707918571549:update
1707918624503:get statistic
1707918629429:get statistics
1707919913104:update
1707919918958:get statistics
1707920108823:get player
1707920112783:show player
1707920148530:update
1707920156900:get statistics
1707938770955:update
1707939180676:udpate
1707939182284:update
1707940294627:stacktrace
1707940410298:update
1707941452390:get fixture
1707942113019:update
1707942255417:get fixture
1707942553394:update
1707942708154:show player
1707942984250:get player
1707942987666:show player
1707943055691:update
1707943059653:show player
1707943064565:get fixture
1707943106612:get statistics
1707943128949:show player
1707943145619:get fixture
1707944224603:update
1707944235103:get statistics
1707944310192:update
1707944318651:get statistics
1707944365693:update
1707944376038:get statistics
1707944381985:stacktrace
1707944597302:update
1707944604632:get statistics
1707944684570:update
1707944690266:es
1707944692822:get statistics
1707945840145:update
1707945880414:get statistics
1707945905668:update
1707945999404:get statistics
1707946082984:update
1707946113573:get player
1707946115827:show player
1707983952887:get statistics
1707984082196:update
1707984546219:get statistics
1707991110251:update
1707991120035:get statistics
1707999603573:update
1708171611668:save fixtures
1708171642222:save countries
1708171645705:save venues
1708171648165:save leagues
1708171654706:save fixtures
1708171658728:save teams
1708171661333:save fixtures
1708171723884:stacktrace
1708171855675:save fixtures
1708171893933:save countries
1708171896260:save venues
1708171899105:save leagues
1708171900825:save teams
1708171902801:save fixtures
1708172051959:save countries
1708172057117:save venues
1708172061356:save leagues
1708172066057:save teams
1708172074537:save fixtures
1708172131331:get fixture
1708172314803:save fixtures
1708172392257:get fixture
1708172909024:save fixtures
1708173466847:get fixture json
1708173475673:get json
1708174352055:save fixtures
1708175357248:run
1708182364943:da
1708182427153:run
1708182428680:da
1708184177494:run
1708184181553:da
1708184253523:run
1708184255214:da
1708185417433:dd
1708198030871:save fixtures
1708238101485:hh
1708238202876:hh --fixtureId 1034682
1708238673096:TimeUnit.SECONDS.sleep(5);
1708238696437:hh --fixtureId 1034682
1708241800642:stacktrace
1708241925727:hh --fixtureId 1034682
1708242009064:hh --fixtureId [31mJDBC exception executing SQL [DELETE FROM event where fixture_id = ?] [No results were returned by the query.] [n/a][0m
1708242025393:hh --fixtureId 1034682
1708242035048:1034682
1708242043670:hh --fixtureId 1034682
1708242423765:1034682
1708242429661:hh --fixtureId 1034682
1708258102835:save countries
1708258112175:get countries
1708258502135:save venues
1708259245123:get venues
1708259248515:get venue
1708259263100:save venues
1708260053402:save countries
1708260060059:save save sasave venues
1708260062723:save venues
1708260069275:save leagues
1708260076209:save teams
1708260085598:get team
1708260088321:get teams
1708260091682:get team
1708260101414:save teams
1708260233469:save players
1708260500632:save countries
1708260502496:save
1708260505829:save venues
1708260509698:save leagues
1708260512682:save teams
1708260514750:save players
1708261324240:update
1708261413166:save fixtures
1708261507252:get fixtures
1708261510302:save fixtures
1708261858607:update
1708262139222:save fixtures
1708262593080:update
1708262619744:save fixtures
1708267354034:get fixture
1708267427376:get fixtures
1708267430123:get fixture
